<?xml version="1.0" encoding="UTF-8"?>
<!-- Generated by org.testng.reporters.JUnitReportReporter -->
<testsuite skipped="0" hostname="soul-PC" name="com.bootcampWS.rest.tests.GenerateTableTest" tests="1" failures="0" timestamp="03 nov. 2017 22:45:02 GMT" time="4.418" errors="0">
  <testcase name="generateTables" time="4.418" classname="com.bootcampWS.rest.tests.GenerateTableTest"/>
</testsuite> <!-- com.bootcampWS.rest.tests.GenerateTableTest -->
